<?xml version="1.0" encoding="UTF-8"?>
<testng-results ignored="0" total="1" passed="1" failed="0" skipped="0">
  <reporter-output>
  </reporter-output>
  <suite started-at="2025-10-03T18:07:32 IST" name="Default suite" finished-at="2025-10-03T18:07:52 IST" duration-ms="20097">
    <groups>
    </groups>
    <test started-at="2025-10-03T18:07:32 IST" name="Default test" finished-at="2025-10-03T18:07:52 IST" duration-ms="20097">
      <class name="automation.Testcases">
        <test-method is-config="true" signature="setup()[pri:0, instance:automation.Testcases@4c309d4d]" started-at="2025-10-03T18:07:32 IST" name="setup" finished-at="2025-10-03T18:07:51 IST" duration-ms="19348" status="PASS">
          <reporter-output>
          </reporter-output>
        </test-method> <!-- setup -->
        <test-method signature="automateWebTable()[pri:1, instance:automation.Testcases@4c309d4d]" started-at="2025-10-03T18:07:52 IST" name="automateWebTable" finished-at="2025-10-03T18:07:52 IST" duration-ms="645" status="PASS">
          <reporter-output>
          </reporter-output>
        </test-method> <!-- automateWebTable -->
        <test-method is-config="true" signature="teardown()[pri:0, instance:automation.Testcases@4c309d4d]" started-at="2025-10-03T18:07:52 IST" name="teardown" finished-at="2025-10-03T18:07:52 IST" duration-ms="76" status="PASS">
          <reporter-output>
          </reporter-output>
        </test-method> <!-- teardown -->
      </class> <!-- automation.Testcases -->
    </test> <!-- Default test -->
  </suite> <!-- Default suite -->
</testng-results>
